[INFO ] 2016-05-30 14:15:39.992 - Ready to listen port 6881
[INFO ] 2016-05-30 14:15:41.676 - has all pieces!
[INFO ] 2016-05-30 14:15:54.207 - Ready to listen port 6882
[INFO ] 2016-05-30 14:16:03.803 - Try connect to some peer
[INFO ] 2016-05-30 14:16:03.803 - Sending handshake...
[INFO ] 2016-05-30 14:16:03.804 - Handshake sent 68 bytes.
[INFO ] 2016-05-30 14:16:03.804 - Receiving handshake...
[INFO ] 2016-05-30 14:16:03.804 - Some peer want to connect to me
[INFO ] 2016-05-30 14:16:03.804 - Receiving handshake...
[INFO ] 2016-05-30 14:16:03.806 - Successfully received 68 bytes of handshake.
[INFO ] 2016-05-30 14:16:03.806 - Handshake sent 68 bytes.
[INFO ] 2016-05-30 14:16:03.806 - Got valid handshake and sent my handshake to peer
[INFO ] 2016-05-30 14:16:03.807 - Coordinator found some peer without our bitfield
[INFO ] 2016-05-30 14:16:03.807 - Generated bitfield message
[INFO ] 2016-05-30 14:16:03.807 - Sended message 5 into socket in size 7 bytes.
[INFO ] 2016-05-30 14:16:03.808 - Successfully received 68 bytes of handshake.
[INFO ] 2016-05-30 14:16:03.809 - Got valid handshake
[INFO ] 2016-05-30 14:16:03.810 - Coordinator found some peer without our bitfield
[INFO ] 2016-05-30 14:16:03.810 - Generated bitfield message
[INFO ] 2016-05-30 14:16:03.814 - Sended message 5 into socket in size 7 bytes.
[INFO ] 2016-05-30 14:16:03.816 - Received some message
[INFO ] 2016-05-30 14:16:03.816 - With id 5
[INFO ] 2016-05-30 14:16:03.817 - Generated request message
[INFO ] 2016-05-30 14:16:03.818 - Sended message 6 into socket in size 9 bytes.
[INFO ] 2016-05-30 14:16:03.818 - Generated request message
[INFO ] 2016-05-30 14:16:03.818 - Sended message 6 into socket in size 9 bytes.
[INFO ] 2016-05-30 14:16:03.818 - Generated request message
[INFO ] 2016-05-30 14:16:03.818 - Sended message 6 into socket in size 9 bytes.
[INFO ] 2016-05-30 14:16:03.818 - Generated request message
[INFO ] 2016-05-30 14:16:03.818 - Sended message 6 into socket in size 9 bytes.
[INFO ] 2016-05-30 14:16:03.818 - Generated request message
[INFO ] 2016-05-30 14:16:03.818 - Sended message 6 into socket in size 9 bytes.
[INFO ] 2016-05-30 14:16:03.818 - Generated request message
[INFO ] 2016-05-30 14:16:03.819 - Sended message 6 into socket in size 9 bytes.
[INFO ] 2016-05-30 14:16:03.819 - Generated request message
[INFO ] 2016-05-30 14:16:03.819 - Sended message 6 into socket in size 9 bytes.
[INFO ] 2016-05-30 14:16:03.819 - Generated request message
[INFO ] 2016-05-30 14:16:03.819 - Sended message 6 into socket in size 9 bytes.
[INFO ] 2016-05-30 14:16:04.013 - Received some message
[INFO ] 2016-05-30 14:16:04.014 - With id 5
[INFO ] 2016-05-30 14:16:04.016 - Received some message
[INFO ] 2016-05-30 14:16:04.017 - With id 6
[INFO ] 2016-05-30 14:16:04.017 - Received some message
[INFO ] 2016-05-30 14:16:04.018 - With id 6
[INFO ] 2016-05-30 14:16:04.018 - Received some message
[INFO ] 2016-05-30 14:16:04.019 - With id 6
[INFO ] 2016-05-30 14:16:04.019 - Received some message
[INFO ] 2016-05-30 14:16:04.019 - With id 6
[INFO ] 2016-05-30 14:16:04.019 - Received some message
[INFO ] 2016-05-30 14:16:04.019 - Read a last piece
[INFO ] 2016-05-30 14:16:04.019 - With id 6
[INFO ] 2016-05-30 14:16:04.019 - Received some message
[INFO ] 2016-05-30 14:16:04.020 - With id 6
[INFO ] 2016-05-30 14:16:04.020 - Received some message
[INFO ] 2016-05-30 14:16:04.020 - With id 6
[INFO ] 2016-05-30 14:16:04.020 - Received some message
[INFO ] 2016-05-30 14:16:04.020 - With id 6
[INFO ] 2016-05-30 14:16:04.020 - Generated piece message
[INFO ] 2016-05-30 14:16:04.020 - Sended message 7 into socket in size 20009 bytes.
[INFO ] 2016-05-30 14:16:04.020 - Received some message
[INFO ] 2016-05-30 14:16:04.020 - With id 7
[INFO ] 2016-05-30 14:16:04.020 - Generated piece message
[INFO ] 2016-05-30 14:16:04.022 - Received some message
[INFO ] 2016-05-30 14:16:04.022 - Sended message 7 into socket in size 20009 bytes.
[INFO ] 2016-05-30 14:16:04.022 - With id 7
[INFO ] 2016-05-30 14:16:04.023 - Wrote a piece
[INFO ] 2016-05-30 14:16:04.024 - Wrote a piece
[INFO ] 2016-05-30 14:16:04.024 - Generated piece message
[INFO ] 2016-05-30 14:16:04.024 - Received some message
[INFO ] 2016-05-30 14:16:04.024 - With id 7
[INFO ] 2016-05-30 14:16:04.025 - Sended message 7 into socket in size 20009 bytes.
[INFO ] 2016-05-30 14:16:04.025 - Generated piece message
[INFO ] 2016-05-30 14:16:04.025 - Received some message
[INFO ] 2016-05-30 14:16:04.025 - With id 7
[INFO ] 2016-05-30 14:16:04.025 - Sended message 7 into socket in size 15278 bytes.
[INFO ] 2016-05-30 14:16:04.025 - Generated piece message
[INFO ] 2016-05-30 14:16:04.026 - Received some message
[INFO ] 2016-05-30 14:16:04.026 - With id 7
[INFO ] 2016-05-30 14:16:04.026 - Sended message 7 into socket in size 20009 bytes.
[INFO ] 2016-05-30 14:16:04.026 - Generated piece message
[INFO ] 2016-05-30 14:16:04.027 - Received some message
[INFO ] 2016-05-30 14:16:04.027 - With id 7
[INFO ] 2016-05-30 14:16:04.027 - Sended message 7 into socket in size 20009 bytes.
[INFO ] 2016-05-30 14:16:04.027 - Generated piece message
[INFO ] 2016-05-30 14:16:04.027 - Received some message
[INFO ] 2016-05-30 14:16:04.027 - With id 7
[INFO ] 2016-05-30 14:16:04.027 - Sended message 7 into socket in size 20009 bytes.
[INFO ] 2016-05-30 14:16:04.028 - Generated piece message
[INFO ] 2016-05-30 14:16:04.028 - Received some message
[INFO ] 2016-05-30 14:16:04.028 - With id 7
[INFO ] 2016-05-30 14:16:04.028 - Sended message 7 into socket in size 20009 bytes.
[INFO ] 2016-05-30 14:16:04.069 - Wrote a piece
[INFO ] 2016-05-30 14:16:04.069 - Wrote a piece
[INFO ] 2016-05-30 14:16:04.069 - Wrote a piece
[INFO ] 2016-05-30 14:16:04.070 - Wrote a piece
[INFO ] 2016-05-30 14:16:04.070 - Wrote a piece
[INFO ] 2016-05-30 14:16:04.070 - Wrote a piece
[INFO ] 2016-05-30 14:16:04.079 - has all pieces!
